0 silly argv {
0 silly argv   _: [ 'publish' ],
0 silly argv   composed: 'publish',
0 silly argv   lernaVersion: '4.0.0',
0 silly argv   '$0': 'lerna'
0 silly argv }
1 notice cli v4.0.0
2 verbose rootPath /Users/trung/Desktop/Tutorials/captaincookie
3 info versioning independent
4 verbose session c9f4a647e20dd1e1
5 verbose user-agent lerna/4.0.0/node@v14.17.0+x64 (darwin)
6 silly argv { _: [ 'publish' ], composed: 'publish', lernaVersion: '4.0.0' }
7 verbose rootPath /Users/trung/Desktop/Tutorials/captaincookie
8 silly isAnythingCommitted
9 verbose isAnythingCommitted 1
10 silly getCurrentBranch
11 verbose currentBranch main
12 silly remoteBranchExists
13 silly isBehindUpstream
14 silly isBehindUpstream main is behind origin/main by 0 commit(s) and ahead by 1
15 silly hasTags
16 verbose hasTags true
17 silly git-describe.sync "@captaincookie/core-components@1.0.3-1-gb38bc53" => {"lastTagName":"@captaincookie/core-components@1.0.3","lastVersion":"1.0.3","refCount":"1","sha":"b38bc53","isDirty":false}
18 info Looking for changed packages since @captaincookie/core-components@1.0.3
19 silly checking diff packages/core-components
20 silly found diff in packages/core-components/package.json
21 verbose filtered diff [ 'packages/core-components/package.json' ]
22 verbose updated @captaincookie/core-components
23 verbose git-describe undefined => "@captaincookie/core-components@1.0.3-1-gb38bc53"
24 silly git-describe parsed => {"lastTagName":"@captaincookie/core-components@1.0.3","lastVersion":"1.0.3","refCount":"1","sha":"b38bc53","isDirty":false}
25 info execute Skipping releases
26 silly lifecycle No script for "preversion" in "root", continuing
27 silly lifecycle No script for "preversion" in "@captaincookie/core-components", continuing
28 silly lifecycle No script for "version" in "@captaincookie/core-components", continuing
29 silly lifecycle No script for "version" in "root", continuing
30 silly gitAdd [ 'packages/core-components/package.json' ]
31 silly gitCommit Publish
31 silly gitCommit
31 silly gitCommit  - @captaincookie/core-components@1.0.4
32 verbose git [
32 verbose git   'commit',
32 verbose git   '-F',
32 verbose git   '/private/var/folders/97/h0v13rsn1jxbg6fq5cbtdgnw0000gp/T/d018f53a-1c3e-4aba-9ec6-b128c806ee5a/lerna-commit.txt'
32 verbose git ]
33 silly gitTag @captaincookie/core-components@1.0.4
34 verbose git [
34 verbose git   'tag',
34 verbose git   '@captaincookie/core-components@1.0.4',
34 verbose git   '-m',
34 verbose git   '@captaincookie/core-components@1.0.4'
34 verbose git ]
35 silly lifecycle No script for "postversion" in "@captaincookie/core-components", continuing
36 silly lifecycle No script for "postversion" in "root", continuing
37 info git Pushing tags...
38 silly gitPush origin main
39 info publish Publishing packages to npm...
40 info Verifying npm credentials
41 verbose Retrieving npm user profile
42 http fetch GET 200 https://registry.npmjs.org/-/npm/v1/user 629ms
43 silly npm profile get received {"tfa":{"pending":false,"mode":"auth-only"},"name":"trungduong0103","email":"trungduong0103@gmail.com","email_verified":true,"created":"2022-02-11T07:27:47.973Z","updated":"2022-02-11T09:14:54.867Z","cidr_whitelist":null}
44 silly get npm username received {"username":"trungduong0103","tfa":{"pending":false,"mode":"auth-only"},"name":"trungduong0103","email":"trungduong0103@gmail.com","email_verified":true,"created":"2022-02-11T07:27:47.973Z","updated":"2022-02-11T09:14:54.867Z","cidr_whitelist":null}
45 silly verifyNpmPackageAccess
46 http fetch GET 200 https://registry.npmjs.org/-/org/trungduong0103/package?format=cli 587ms (cache updated)
47 info Checking two-factor auth mode
48 verbose Retrieving npm user profile
49 http fetch GET 200 https://registry.npmjs.org/-/npm/v1/user 932ms
50 silly npm profile get received {"tfa":{"pending":false,"mode":"auth-only"},"name":"trungduong0103","email":"trungduong0103@gmail.com","email_verified":true,"created":"2022-02-11T07:27:47.973Z","updated":"2022-02-11T09:14:54.867Z","cidr_whitelist":null}
51 silly 2FA { pending: false, mode: 'auth-only' }
52 warn ENOLICENSE Package @captaincookie/core-components is missing a license.
52 warn ENOLICENSE One way to fix this is to add a LICENSE.md file to the root of this repository.
52 warn ENOLICENSE See https://choosealicense.com for additional guidance.
53 silly getCurrentSHA
54 verbose getCurrentSHA a858ad3bbe4047030e532e7541fe6bbb3e07d60e
55 silly lifecycle No script for "prepublish" in "root", continuing
56 silly lifecycle No script for "prepare" in "root", continuing
57 silly lifecycle No script for "prepublishOnly" in "root", continuing
58 silly lifecycle No script for "prepack" in "root", continuing
59 verbose pack-directory packages/core-components/dist
60 silly lifecycle No script for "prepublish" in "@captaincookie/core-components", continuing
61 silly lifecycle "prepare" starting in "@captaincookie/core-components"
62 info lifecycle @captaincookie/core-components@1.0.4~prepare: @captaincookie/core-components@1.0.4
63 verbose lifecycle @captaincookie/core-components@1.0.4~prepare: unsafe-perm in lifecycle true
64 verbose lifecycle @captaincookie/core-components@1.0.4~prepare: PATH: /Users/trung/Desktop/Tutorials/captaincookie/node_modules/npm-lifecycle/node-gyp-bin:/Users/trung/Desktop/Tutorials/captaincookie/packages/core-components/node_modules/.bin:/Users/trung/.rvm/gems/ruby-2.7.1/bin:/Users/trung/.rvm/gems/ruby-2.7.1@global/bin:/Users/trung/.rvm/rubies/ruby-2.7.1/bin:/Users/trung/.nvm/versions/node/v14.17.0/bin:/usr/local/opt/ruby/bin:/usr/local/lib/ruby/gems/2.7.0/bin:/usr/local/sbin:/Users/trung/Downloads/Programs/google-cloud-sdk/bin:/usr/local/opt/python@3.8/bin:/usr/local/bin:/usr/bin:/bin:/usr/sbin:/sbin:/usr/local/share/dotnet:~/.dotnet/tools:/Library/Apple/usr/bin:/Library/Frameworks/Mono.framework/Versions/Current/Commands:/Users/trung/.rvm/gems/ruby-2.7.1/bin:/Users/trung/.rvm/gems/ruby-2.7.1@global/bin:/Users/trung/.rvm/rubies/ruby-2.7.1/bin:/Users/trung/.nvm/versions/node/v14.17.0/bin:/usr/local/opt/ruby/bin:/usr/local/lib/ruby/gems/2.7.0/bin:/usr/local/sbin:/Users/trung/Downloads/Programs/google-cloud-sdk/bin:/usr/local/opt/python@3.8/bin:/Users/trung/.rvm/bin:/Users/trung/.rvm/bin:/usr/local/bin
65 verbose lifecycle @captaincookie/core-components@1.0.4~prepare: CWD: /Users/trung/Desktop/Tutorials/captaincookie/packages/core-components
66 silly lifecycle @captaincookie/core-components@1.0.4~prepare: Args: [ '-c', 'yarn build && cp package.json ./build' ]
67 silly lifecycle @captaincookie/core-components@1.0.4~prepare: Returned: code: 0  signal: null
68 silly lifecycle "prepare" finished in "@captaincookie/core-components"
69 silly lifecycle No script for "prepublishOnly" in "@captaincookie/core-components", continuing
70 silly lifecycle No script for "prepack" in "@captaincookie/core-components", continuing
71 silly lifecycle No script for "postpack" in "@captaincookie/core-components", continuing
72 verbose packed packages/core-components/dist
73 silly lifecycle No script for "postpack" in "root", continuing
74 verbose publish @captaincookie/core-components
75 error
